<?xml version="1.0" encoding="UTF-8"?>
<testsuite xmlns:xsi="http://www.w3.org/2001/XMLSchema-instance" xsi:noNamespaceSchemaLocation="https://maven.apache.org/surefire/maven-surefire-plugin/xsd/surefire-test-report.xsd" name="com.orangeHRM.e2eTests.TestRunner" time="54.853" tests="6" errors="0" skipped="0" failures="0">
  <properties>
[...]
</properties>
  <testcase name="Given Je me connect a l application OrangeHMR" classname="Scenario: Authentification - OrangeHMR" time="0.007"/>
  <testcase name="When Je saisi username &quot;Admin&quot;" classname="Scenario: Authentification - OrangeHMR" time="0.001"/>
  <testcase name="And je saisi Password &quot;admin123&quot;" classname="Scenario: Authentification - OrangeHMR" time="0"/>
  <testcase name="And je click sur le buton login" classname="Scenario: Authentification - OrangeHMR" time="0"/>
  <testcase name="Then Redirection vers le compte admin &quot;Welcome&quot;" classname="Scenario: Authentification - OrangeHMR" time="0"/>
  <testcase name="Scenario: Authentification - OrangeHMR" classname="Scenario: Authentification - OrangeHMR" time="1.329"/>
</testsuite>